warning: Tag 'HTML_TIMESTAMP' at line 1473 of file 'Doxyfile' has become obsolete.
         To avoid this warning please remove this line from your configuration file or upgrade it using "doxygen -u"
Doxygen version used: 1.9.8
Searching for include files...
Searching for example files...
Searching for images...
Searching for dot files...
Searching for msc files...
Searching for dia files...
Searching for files to exclude
Searching INPUT for files to process...
Searching for files in directory /home/vlad/Рабочий стол/Tanks/src
Searching for files in directory /home/vlad/Рабочий стол/Tanks/src/controller
Searching for files in directory /home/vlad/Рабочий стол/Tanks/src/utils
Searching for files in directory /home/vlad/Рабочий стол/Tanks/src/model
Searching for files in directory /home/vlad/Рабочий стол/Tanks/src/view
Reading and parsing tag files
Parsing files
Preprocessing /home/vlad/Рабочий стол/Tanks/src/controller/GameController.cpp...
Parsing file /home/vlad/Рабочий стол/Tanks/src/controller/GameController.cpp...
Preprocessing /home/vlad/Рабочий стол/Tanks/src/controller/GameController.h...
Parsing file /home/vlad/Рабочий стол/Tanks/src/controller/GameController.h...
Preprocessing /home/vlad/Рабочий стол/Tanks/src/controller/InputHandler.cpp...
Parsing file /home/vlad/Рабочий стол/Tanks/src/controller/InputHandler.cpp...
Preprocessing /home/vlad/Рабочий стол/Tanks/src/controller/InputHandler.h...
Parsing file /home/vlad/Рабочий стол/Tanks/src/controller/InputHandler.h...
Preprocessing /home/vlad/Рабочий стол/Tanks/src/main.cpp...
Parsing file /home/vlad/Рабочий стол/Tanks/src/main.cpp...
Preprocessing /home/vlad/Рабочий стол/Tanks/src/model/Bonus.cpp...
Parsing file /home/vlad/Рабочий стол/Tanks/src/model/Bonus.cpp...
Preprocessing /home/vlad/Рабочий стол/Tanks/src/model/Bonus.h...
Parsing file /home/vlad/Рабочий стол/Tanks/src/model/Bonus.h...
Preprocessing /home/vlad/Рабочий стол/Tanks/src/model/EnemyTank.cpp...
Parsing file /home/vlad/Рабочий стол/Tanks/src/model/EnemyTank.cpp...
Preprocessing /home/vlad/Рабочий стол/Tanks/src/model/EnemyTank.h...
Parsing file /home/vlad/Рабочий стол/Tanks/src/model/EnemyTank.h...
Preprocessing /home/vlad/Рабочий стол/Tanks/src/model/Explosion.cpp...
Parsing file /home/vlad/Рабочий стол/Tanks/src/model/Explosion.cpp...
Preprocessing /home/vlad/Рабочий стол/Tanks/src/model/Explosion.h...
Parsing file /home/vlad/Рабочий стол/Tanks/src/model/Explosion.h...
Preprocessing /home/vlad/Рабочий стол/Tanks/src/model/GameObject.cpp...
Parsing file /home/vlad/Рабочий стол/Tanks/src/model/GameObject.cpp...
Preprocessing /home/vlad/Рабочий стол/Tanks/src/model/GameObject.h...
Parsing file /home/vlad/Рабочий стол/Tanks/src/model/GameObject.h...
Preprocessing /home/vlad/Рабочий стол/Tanks/src/model/GameWorld.cpp...
Parsing file /home/vlad/Рабочий стол/Tanks/src/model/GameWorld.cpp...
Preprocessing /home/vlad/Рабочий стол/Tanks/src/model/GameWorld.h...
Parsing file /home/vlad/Рабочий стол/Tanks/src/model/GameWorld.h...
Preprocessing /home/vlad/Рабочий стол/Tanks/src/model/Obstacle.cpp...
Parsing file /home/vlad/Рабочий стол/Tanks/src/model/Obstacle.cpp...
Preprocessing /home/vlad/Рабочий стол/Tanks/src/model/Obstacle.h...
Parsing file /home/vlad/Рабочий стол/Tanks/src/model/Obstacle.h...
Preprocessing /home/vlad/Рабочий стол/Tanks/src/model/PlayerTank.cpp...
Parsing file /home/vlad/Рабочий стол/Tanks/src/model/PlayerTank.cpp...
Preprocessing /home/vlad/Рабочий стол/Tanks/src/model/PlayerTank.h...
Parsing file /home/vlad/Рабочий стол/Tanks/src/model/PlayerTank.h...
Preprocessing /home/vlad/Рабочий стол/Tanks/src/model/Projectile.cpp...
Parsing file /home/vlad/Рабочий стол/Tanks/src/model/Projectile.cpp...
Preprocessing /home/vlad/Рабочий стол/Tanks/src/model/Projectile.h...
Parsing file /home/vlad/Рабочий стол/Tanks/src/model/Projectile.h...
Preprocessing /home/vlad/Рабочий стол/Tanks/src/model/Tank.cpp...
Parsing file /home/vlad/Рабочий стол/Tanks/src/model/Tank.cpp...
Preprocessing /home/vlad/Рабочий стол/Tanks/src/model/Tank.h...
Parsing file /home/vlad/Рабочий стол/Tanks/src/model/Tank.h...
Preprocessing /home/vlad/Рабочий стол/Tanks/src/utils/MapManager.cpp...
Parsing file /home/vlad/Рабочий стол/Tanks/src/utils/MapManager.cpp...
Preprocessing /home/vlad/Рабочий стол/Tanks/src/utils/MapManager.h...
Parsing file /home/vlad/Рабочий стол/Tanks/src/utils/MapManager.h...
Preprocessing /home/vlad/Рабочий стол/Tanks/src/utils/PlatformUtils.cpp...
Parsing file /home/vlad/Рабочий стол/Tanks/src/utils/PlatformUtils.cpp...
Preprocessing /home/vlad/Рабочий стол/Tanks/src/utils/PlatformUtils.h...
Parsing file /home/vlad/Рабочий стол/Tanks/src/utils/PlatformUtils.h...
Preprocessing /home/vlad/Рабочий стол/Tanks/src/utils/ScoreManager.cpp...
Parsing file /home/vlad/Рабочий стол/Tanks/src/utils/ScoreManager.cpp...
Preprocessing /home/vlad/Рабочий стол/Tanks/src/utils/ScoreManager.h...
Parsing file /home/vlad/Рабочий стол/Tanks/src/utils/ScoreManager.h...
Preprocessing /home/vlad/Рабочий стол/Tanks/src/utils/SettingsManager.cpp...
Parsing file /home/vlad/Рабочий стол/Tanks/src/utils/SettingsManager.cpp...
Preprocessing /home/vlad/Рабочий стол/Tanks/src/utils/SettingsManager.h...
Parsing file /home/vlad/Рабочий стол/Tanks/src/utils/SettingsManager.h...
Preprocessing /home/vlad/Рабочий стол/Tanks/src/view/ConsoleRenderer.cpp...
Parsing file /home/vlad/Рабочий стол/Tanks/src/view/ConsoleRenderer.cpp...
Preprocessing /home/vlad/Рабочий стол/Tanks/src/view/ConsoleRenderer.h...
Parsing file /home/vlad/Рабочий стол/Tanks/src/view/ConsoleRenderer.h...
Building macro definition list...
Building group list...
Building directory list...
Building namespace list...
Building file list...
Building class list...
Building concept list...
Computing nesting relations for classes...
Associating documentation with classes...
Associating documentation with concepts...
Associating documentation with modules...
Building example list...
Searching for enumerations...
Searching for documented typedefs...
Searching for members imported via using declarations...
Searching for included using directives...
Searching for documented variables...
Building interface member list...
Building member list...
Searching for friends...
Searching for documented defines...
Computing class inheritance relations...
Computing class usage relations...
Flushing cached template relations that have become invalid...
Computing class relations...
Add enum values to enums...
Searching for member function documentation...
Creating members for template instances...
Building page list...
Search for main page...
Computing page relations...
Determining the scope of groups...
Computing module relations...
Sorting lists...
Determining which enums are documented
Computing member relations...
Building full member lists recursively...
Adding members to member groups.
Computing member references...
Inheriting documentation...
Generating disk names...
Adding source references...
Adding xrefitems...
Sorting member lists...
Setting anonymous enum type...
Computing dependencies between directories...
Generating citations page...
Counting members...
Counting data structures...
Resolving user defined references...
Finding anchors and sections in the documentation...
Transferring function references...
Combining using relations...
Adding members to index pages...
Correcting members for VHDL...
Computing tooltip texts...
Generating style sheet...
Generating search indices...
Generating example documentation...
Generating file sources...
Generating code for file src/controller/GameController.cpp...
Generating code for file src//home/vlad/Рабочий стол/Tanks/src/model/Bonus.h:33: warning: found documented return type for Bonus::Bonus that does not return anything
/home/vlad/Рабочий стол/Tanks/src/model/Bonus.h:44: warning: found documented return type for Bonus::applyEffect that does not return anything
/home/vlad/Рабочий стол/Tanks/src/model/Bonus.h:53: warning: found documented return type for Bonus::deactivate that does not return anything
/home/vlad/Рабочий стол/Tanks/src/model/Bonus.h:81: warning: found documented return type for Bonus::update that does not return anything
/home/vlad/Рабочий стол/Tanks/src/view/ConsoleRenderer.h:89: warning: found documented return type for ConsoleRenderer::ConsoleRenderer that does not return anything
controller/GameController.h...
Generating code for file src/controller/InputHandler.cpp...
Generating code for file src/controller/InputHandler.h...
Generating code for file src/main.cpp...
Generating code for file src/model/Bonus.cpp...
Generating code for file src/model/Bonus.h...
Generating code for file src/model/EnemyTank.cpp...
Generating code for file src/model/EnemyTank.h...
Generating code for file src/model/Explosion.cpp...
Generating code for file src/model/Explosion.h...
Generating code for file src/model/GameObject.cpp...
Generating code for file src/model/GameObject.h...
Generating code for file src/model/GameWorld.cpp...
Generating code for file src/model/GameWorld.h...
Generating code for file src/model/Obstacle.cpp...
Generating code for file src/model/Obstacle.h...
Generating code for file src/model/PlayerTank.cpp...
Generating code for file src/model/PlayerTank.h...
Generating code for file src/model/Projectile.cpp...
Generating code for file src/model/Projectile.h...
Generating code for file src/model/Tank.cpp...
Generating code for file src/model/Tank.h...
Generating code for file src/utils/MapManager.cpp...
Generating code for file src/utils/MapManager.h...
Generating code for file src/utils/PlatformUtils.cpp...
Generating code for file src/utils/PlatformUtils.h...
Generating code for file src/utils/ScoreManager.cpp...
Generating code for file src/utils/ScoreManager.h...
Generating code for file src/utils/SettingsManager.cpp...
Generating code for file src/utils/SettingsManager.h...
Generating code for file src/view/ConsoleRenderer.cpp...
Generating code for file src/view/ConsoleRenderer.h...
Generating file documentation...
Generating docs for file src/controller/GameController.cpp...
Generating docs for file src/controller/GameController.h...
Generating docs for file src/controller/InputHandler.cpp...
Generating docs for file src/controller/InputHandler.h...
Generating docs for file src/main.cpp...
Generating call graph for function main
Generating docs for file src/model/Bonus.cpp...
Generating docs for file src/model/Bonus.h...
Generating docs for file src/model/EnemyTank.cpp...
Generating docs for file src/model/EnemyTank.h...
Generating docs for file src/model/Explosion.cpp...
Generating docs for file src/model/Explosion.h...
Generating docs for file src/model/GameObject.cpp...
Generating docs for file src/model/GameObject.h...
Generating docs for file src/model/GameWorld.cpp...
Generating docs for file src/model/GameWorld.h...
Generating docs for file src/model/Obstacle.cpp...
Generating docs for file src/model/Obstacle.h...
Generating docs for file src/model/PlayerTank.cpp...
Generating docs for file src/model/PlayerTank.h...
Generating docs for file src/model/Projectile.cpp...
Generating docs for file src/model/Projectile.h...
Generating docs for file src/model/Tank.cpp...
Generating docs for file src/model/Tank.h...
Generating docs for file src/utils/MapManager.cpp...
Generating docs for file src/utils/MapManager.h...
Generating docs for file src/utils/PlatformUtils.cpp...
Generating docs for file src/utils/PlatformUtils.h...
Generating docs for file src/utils/ScoreManager.cpp...
Generating docs for file src/utils/ScoreManager.h...
Generating docs for file src/utils/SettingsManager.cpp...
Generating docs for file src/utils/SettingsManager.h...
Generating docs for file src/view/ConsoleRenderer.cpp...
Generating caller graph for function getGraphicsMap
Generating docs for file src/view/ConsoleRenderer.h...
Generating page documentation...
Generating group documentation...
Generating class documentation...
Generating docs for compound Bonus...
Generating call graph for function Bonus::applyEffect
Generating caller graph for function Bonus::deactivate
Generating caller graph for function Bonus::isActive
Generating docs for compound ConsoleRenderer...
Generating call graph for function ConsoleRenderer::ConsoleRenderer
Generating call graph for function ConsoleRenderer::checkTerminalSize
Generating caller graph for function ConsoleRenderer::checkTerminalSize
Generating call graph for function Co/home/vlad/Рабочий стол/Tanks/src/view/ConsoleRenderer.h:108: warning: found documented return type for ConsoleRenderer::clearScreen that does not return anything
/home/vlad/Рабочий стол/Tanks/src/view/ConsoleRenderer.h:73: warning: found documented return type for ConsoleRenderer::drawBorder that does not return anything
/home/vlad/Рабочий стол/Tanks/src/view/ConsoleRenderer.h:44: warning: found documented return type for ConsoleRenderer::drawCenteredText that does not return anything
/home/vlad/Рабочий стол/Tanks/src/view/ConsoleRenderer.h:101: warning: found documented return type for ConsoleRenderer::drawErrorMessage that does not return anything
/home/vlad/Рабочий стол/Tanks/src/view/ConsoleRenderer.h:79: warning: found documented return type for ConsoleRenderer::drawMapPreview that does not return anything
/home/vlad/Рабочий стол/Tanks/src/view/ConsoleRenderer.h:52: warning: found documented return type for ConsoleRenderer::drawPixel that does not return anything
/home/vlad/Рабочий стол/Tanks/src/view/ConsoleRenderer.h:129: warning: found documented return type for ConsoleRenderer::drawSymbolLegend that does not return anything
/home/vlad/Рабочий стол/Tanks/src/view/ConsoleRenderer.h:67: warning: found documented return type for ConsoleRenderer::resetColor that does not return anything
/home/vlad/Рабочий стол/Tanks/src/view/ConsoleRenderer.h:178: warning: found documented return type for ConsoleRenderer::setAdvancedGraphics that does not return anything
/home/vlad/Рабочий стол/Tanks/src/view/ConsoleRenderer.h:60: warning: found documented return type for ConsoleRenderer::setColor that does not return anything
/home/vlad/Рабочий стол/Tanks/src/view/ConsoleRenderer.h:114: warning: found documented return type for ConsoleRenderer::setCursorPosition that does not return anything
/home/vlad/Рабочий стол/Tanks/src/view/ConsoleRenderer.h:38: warning: found documented return type for ConsoleRenderer::updateTerminalSize that does not return anything
/home/vlad/Рабочий стол/Tanks/src/model/EnemyTank.h:63: warning: found documented return type for EnemyTank::EnemyTank that does not return anything
/home/vlad/Рабочий стол/Tanks/src/model/EnemyTank.h:135: warning: found documented return type for EnemyTank::applySlowEffect that does not return anything
/home/vlad/Рабочий стол/Tanks/src/model/EnemyTank.h:86: warning: found documented return type for EnemyTank::move that does not return anything
nsoleRenderer::clearScreen
Generating caller graph for function ConsoleRenderer::clearScreen
Generating caller graph for function ConsoleRenderer::drawBorder
Generating caller graph for function ConsoleRenderer::drawCenteredText
Generating call graph for function ConsoleRenderer::drawErrorMessage
Generating caller graph for function ConsoleRenderer::drawErrorMessage
Generating call graph for function ConsoleRenderer::drawGameOver
Generating caller graph for function ConsoleRenderer::drawGameOver
Generating call graph for function ConsoleRenderer::drawLevelComplete
Generating caller graph for function ConsoleRenderer::drawLevelComplete
Generating call graph for function ConsoleRenderer::drawMapPreview
Generating caller graph for function ConsoleRenderer::drawMapPreview
Generating call graph for function ConsoleRenderer::drawMapSelection
Generating caller graph for function ConsoleRenderer::drawMapSelection
Generating call graph for function ConsoleRenderer::drawMenu
Generating caller graph for function ConsoleRenderer::drawMenu
Generating call graph for function ConsoleRenderer::drawPauseScreen
Generating caller graph for function ConsoleRenderer::drawPauseScreen
Generating call graph for function ConsoleRenderer::drawPixel
Generating call graph for function ConsoleRenderer::drawSettings
Generating caller graph for function ConsoleRenderer::drawSettings
Generating call graph for function ConsoleRenderer::drawSymbolLegend
Generating caller graph for function ConsoleRenderer::drawSymbolLegend
Generating call graph for function ConsoleRenderer::render
Generating caller graph for function ConsoleRenderer::render
Generating call graph for function ConsoleRenderer::resetColor
Generating caller graph for function ConsoleRenderer::resetColor
Generating caller graph for function ConsoleRenderer::setAdvancedGraphics
Generating call graph for function ConsoleRenderer::setColor
Generating caller graph for function ConsoleRenderer::setColor
Generating call graph for function ConsoleRenderer::setCursorPosition
Generating call graph for function ConsoleRenderer::updateTerminalSize
Generating caller graph for function ConsoleRenderer::updateTerminalSize
Generating docs for compound EnemyTank...
Generating call graph for function EnemyTank::EnemyTank
Generating call graph for function EnemyTank::aggressiveBehavior
Generating caller graph for function EnemyTank::aggressiveBehavior
Generating call graph for function EnemyTank::applySlowEffect
Generating caller graph for function EnemyTank::applySlowEffect
Generating call graph for function EnemyTank::attemptShot
Generating caller graph for function EnemyTank::attemptShot
Generating caller graph for function EnemyTank::canSeePlayer
Generating call graph for function EnemyTank::cautiousApproach
Generating caller graph for function EnemyTank::cautiousApproach
Generating call graph for function EnemyTank::decideNextMove
Generating caller graph for function EnemyTank::decideNextMove
Generating call graph for function EnemyTank::defensiveBehavior
Generating caller graph for function EnemyTank::defensiveBehavior
Generating call graph for function EnemyTank::defensiveMove
Generating caller graph for function EnemyTank::defensiveMove
Generating call graph for function EnemyTank::findCover
Generating caller graph for function EnemyTank::findCover
Generating call graph for function EnemyTank::fire
Generating caller graph for function EnemyTank::fire
Generating caller graph for function EnemyTank::getBounds
Generating caller graph for function EnemyTank::getDirectionToPlayer
Generating caller graph for function EnemyTank::getDistanceToPlayer
Generating caller graph for function EnemyTank::getOppositeDirection
Generating caller graph for function EnemyTank::getPerpendicularDirection
Generating caller graph for function EnemyTank::getTankType
Generating caller graph for function EnemyTank::hasClearShot
Generating call graph for function EnemyTank::move
Generating caller graph for function EnemyTank::move
Generating call graph for function EnemyTank::moveTowardsPlayer
Generating caller graph for function /home/vlad/Рабочий стол/Tanks/src/model/EnemyTank.h:73: warning: found documented return type for EnemyTank::setPlayerPosition that does not return anything
/home/vlad/Рабочий стол/Tanks/src/model/EnemyTank.h:80: warning: found documented return type for EnemyTank::update that does not return anything
/home/vlad/Рабочий стол/Tanks/src/model/Explosion.h:30: warning: found documented return type for Explosion::Explosion that does not return anything
/home/vlad/Рабочий стол/Tanks/src/model/Explosion.h:37: warning: found documented return type for Explosion::update that does not return anything
/home/vlad/Рабочий стол/Tanks/src/model/Obstacle.h:163: warning: found documented return type for Forest::Forest that does not return anything
/home/vlad/Рабочий стол/Tanks/src/controller/GameController.h:114: warning: found documented return type for GameController::GameController that does not return anything
/home/vlad/Рабочий стол/Tanks/src/controller/GameController.h:107: warning: found documented return type for GameController::handleTerminalResize that does not return anything
/home/vlad/Рабочий стол/Tanks/src/controller/GameController.h:93: warning: found documented return type for GameController::loadNextLevel that does not return anything
/home/vlad/Рабочий стол/Tanks/src/controller/GameController.h:87: warning: found documented return type for GameController::loadSelectedMap that does not return anything
/home/vlad/Рабочий стол/Tanks/src/controller/GameController.h:128: warning: found documented return type for GameController::pauseGame that does not return anything
/home/vlad/Рабочий стол/Tanks/src/controller/GameController.h:56: warning: found documented return type for GameController::processCommand that does not return anything
/home/vlad/Рабочий стол/Tanks/src/controller/GameController.h:50: warning: found documented return type for GameController::processGameTurn that does not return anything
/home/vlad/Рабочий стол/Tanks/src/controller/GameController.h:122: warning: found documented return type for GameController::runGame that does not return anything
/home/vlad/Рабочий стол/Tanks/src/controller/GameController.h:134: warning: found documented return type for GameController::saveSettings that does not return anything
/home/vlad/Рабочий стол/Tanks/src/controller/GameController.h:75: warning: found documented return type for GameController::showLevelCompleteScreen that does not return anything
/home/vlad/Рабочий стол/Tanks/src/controller/GameController.h:81: warning: found documented return type for GameController::showMapSelection that does not return anything
/home/vlad/Рабочий стол/Tanks/src/controller/GameController.h:63: warning: found documented return type for GameController::showMenu that does not return anything
/home/vlad/Рабочий стол/Tanks/src/controller/GameController.h:69: warning: found documented return type for GameController::showSettings that does not return anything
/home/vlad/Рабочий стол/Tanks/src/controller/GameController.h:101: warning: found documented return type for GameController::toggleAdvancedGraphics that does not return anything
/home/vlad/Рабочий стол/Tanks/src/model/GameObject.h:66: warning: found documented return type for GameObject::GameObject that does not return anything
/home/vlad/Рабочий стол/Tanks/src/model/GameObject.h:82: warning: found documented return type for GameObject::move that does not return anything
/home/vlad/Рабочий стол/Tanks/src/model/GameObject.h:89: warning: found documented return type for GameObject::rotate that does not return anything
/home/vlad/Рабочий стол/Tanks/src/model/GameObject.h:109: warning: found documented return type for GameObject::setDestroyed that does not return anything
/home/vlad/Рабочий стол/Tanks/src/model/GameObject.h:171: warning: found documented return type for GameObject::setHealth that does not return anything
/home/vlad/Рабочий стол/Tanks/src/model/GameObject.h:164: warning: found documented return type for GameObject::setPosition that does not return anything
/home/vlad/Рабочий стол/Tanks/src/model/GameObject.h:96: warning: found documented return type for GameObject::takeDamage that does not return anything
/home/vlad/Рабочий стол/Tanks/src/model/GameObject.h:122: warning: found documented return type for GameObject::update that does not return anything
/home/vlad/Рабочий стол/Tanks/src/model/GameWorld.h:92: warning: found documented return type for GameWorld::GameWorld that does not return anything
/home/vlad/Рабочий стол/Tanks/src/model/GameWorld.h:236: warning: found documented return type for GameWorld::addBonus that does not return anything
/home/vlad/Рабочий стол/Tanks/src/model/GameWorld.h:256: warning: found documented return type for GameWorld::addExplosion that does not return anything
/home/vlad/Рабочий стол/Tanks/src/model/GameWorld.h:222: warning: found documented return type for GameWorld::addObject that does not return anything
/home/vlad/Рабочий стол/Tanks/src/model/GameWorld.h:229: warning: found documented return type for GameWorld::addProjectile that does not return anything
/home/vlad/Рабочий стол/Tanks/src/model/GameWorld.h:113: warning: found documented return type for GameWorld::checkCollisions that does not return anything
EnemyTank::moveTowardsPlayer
Generating call graph for function EnemyTank::randomBehavior
Generating caller graph for function EnemyTank::randomBehavior
Generating caller graph for function EnemyTank::setPlayerPosition
Generating call graph for function EnemyTank::update
Generating docs for compound Explosion...
Generating call graph for function Explosion::update
Generating docs for compound Forest...
Generating docs for compound GameController...
Generating call graph for function GameController::GameController
Generating call graph for function GameController::handleTerminalResize
Generating caller graph for function GameController::handleTerminalResize
Generating call graph for function GameController::loadNextLevel
Generating caller graph for function GameController::loadNextLevel
Generating call graph for function GameController::loadSelectedMap
Generating caller graph for function GameController::loadSelectedMap
Generating call graph for function GameController::pauseGame
Generating caller graph for function GameController::pauseGame
Generating call graph for function GameController::processCommand
Generating caller graph for function GameController::processCommand
Generating call graph for function GameController::processGameTurn
Generating caller graph for function GameController::processGameTurn
Generating call graph for function GameController::runGame
Generating caller graph for function GameController::runGame
Generating call graph for function GameController::showLevelCompleteScreen
Generating caller graph for function GameController::showLevelCompleteScreen
Generating call graph for function GameController::showMapSelection
Generating caller graph for function GameController::showMapSelection
Generating call graph for function GameController::showMenu
Generating caller graph for function GameController::showMenu
Generating call graph for function GameController::showSettings
Generating caller graph for function GameController::showSettings
Generating call graph for function GameController::toggleAdvancedGraphics
Generating caller graph for function GameController::toggleAdvancedGraphics
Generating docs for compound GameObject...
Generating caller graph for function GameObject::getDirection
Generating caller graph for function GameObject::getHealth
Generating caller graph for function GameObject::getPosition
Generating caller graph for function GameObject::getSpeed
Generating caller graph for function GameObject::isDestroyed
Generating caller graph for function GameObject::rotate
Generating caller graph for function GameObject::setDestroyed
Generating caller graph for function GameObject::setHealth
Generating caller graph for function GameObject::setPosition
Generating caller graph for function GameObject::takeDamage
Generating docs for compound GameWorld...
Generating caller graph for function GameWorld::adjustDifficulty
Generating call graph for function GameWorld::applySlowToEnemies
Generating caller graph for function GameWorld::applySlowToEnemies
Generating call graph for function GameWorld::checkBonusCollisions
Generating caller graph for function GameWorld::checkBonusCollisions
Generating call graph for function GameWorld::checkBoundaryCollisions
Generating caller graph for function GameWorld::checkBoundaryCollisions
Generating call graph for function GameWorld::checkCollisions
Generating caller graph for function GameWorld::checkCollisions
Generating call graph for function GameWorld::checkGameConditions
Generating caller graph for function GameWorld::checkGameConditions
Generating call graph for function GameWorld::checkPointCollision
Generating call graph for function GameWorld::checkProjectileCollisions
Generating caller graph for function GameWorld::checkProjectileCollisions
Generating call graph for function GameWorld::checkTankObstacleCollisions
Generating caller graph for function GameWorld::checkTankObstacleCollisions
Generating call graph for function GameWorld::checkTankTankCollisions
Generating caller graph for function GameWorld::checkTankTankCollisions
Generating caller graph for functi/home/vlad/Рабочий стол/Tanks/src/model/GameWorld.h:106: warning: found documented return type for GameWorld::loadLevel that does not return anything
/home/vlad/Рабочий стол/Tanks/src/model/GameWorld.h:243: warning: found documented return type for GameWorld::playerFire that does not return anything
/home/vlad/Рабочий стол/Tanks/src/model/GameWorld.h:249: warning: found documented return type for GameWorld::playerMove that does not return anything
/home/vlad/Рабочий стол/Tanks/src/model/GameWorld.h:178: warning: found documented return type for GameWorld::setCurrentLevel that does not return anything
/home/vlad/Рабочий стол/Tanks/src/model/GameWorld.h:191: warning: found documented return type for GameWorld::setPlayer that does not return anything
/home/vlad/Рабочий стол/Tanks/src/model/GameWorld.h:147: warning: found documented return type for GameWorld::setState that does not return anything
/home/vlad/Рабочий стол/Tanks/src/model/GameWorld.h:119: warning: found documented return type for GameWorld::spawnBonus that does not return anything
/home/vlad/Рабочий стол/Tanks/src/model/GameWorld.h:269: warning: found documented return type for GameWorld::triggerDamageFlash that does not return anything
/home/vlad/Рабочий стол/Tanks/src/model/GameWorld.h:100: warning: found documented return type for GameWorld::update that does not return anything
/home/vlad/Рабочий стол/Tanks/src/controller/InputHandler.h:51: warning: found documented return type for InputHandler::InputHandler that does not return anything
/home/vlad/Рабочий стол/Tanks/src/controller/InputHandler.h:63: warning: found documented return type for InputHandler::remapKey that does not return anything
/home/vlad/Рабочий стол/Tanks/src/controller/InputHandler.h:71: warning: found documented return type for InputHandler::remapUTF8Key that does not return anything
/home/vlad/Рабочий стол/Tanks/src/utils/MapManager.h:104: warning: found documented return type for MapManager::MapManager that does not return anything
/home/vlad/Рабочий стол/Tanks/src/utils/MapManager.h:117: warning: found documented return type for MapManager::createDefaultMaps that does not return anything
/home/vlad/Рабочий стол/Tanks/src/utils/MapManager.h:149: warning: found documented return type for MapManager::createWorldFromMap that does not return anything
on GameWorld::cleanupDestroyedObjects
Generating caller graph for function GameWorld::createEnemies
Generating call graph for function GameWorld::createLevelObstacles
Generating caller graph for function GameWorld::createLevelObstacles
Generating caller graph for function GameWorld::getBonuses
Generating caller graph for function GameWorld::getCurrentLevel
Generating caller graph for function GameWorld::getExplosions
Generating caller graph for function GameWorld::getHeight
Generating caller graph for function GameWorld::getObjects
Generating caller graph for function GameWorld::getPlayer
Generating caller graph for function GameWorld::getProjectiles
Generating caller graph for function GameWorld::getState
Generating caller graph for function GameWorld::getWidth
Generating call graph for function GameWorld::handleEnemyCollision
Generating caller graph for function GameWorld::handleEnemyCollision
Generating call graph for function GameWorld::handleProjectileHit
Generating caller graph for function GameWorld::handleProjectileHit
Generating call graph for function GameWorld::handleTankObstacleCollision
Generating caller graph for function GameWorld::handleTankObstacleCollision
Generating call graph for function GameWorld::handleTankTankCollision
Generating caller graph for function GameWorld::handleTankTankCollision
Generating caller graph for function GameWorld::isDamageFlashActive
Generating call graph for function GameWorld::isPositionAccessible
Generating caller graph for function GameWorld::isPositionAccessible
Generating call graph for function GameWorld::isValidBonusPosition
Generating caller graph for function GameWorld::isValidBonusPosition
Generating call graph for function GameWorld::isValidPosition
Generating caller graph for function GameWorld::isValidPosition
Generating call graph for function GameWorld::loadLevel
Generating caller graph for function GameWorld::loadLevel
Generating call graph for function GameWorld::playerFire
Generating caller graph for function GameWorld::playerFire
Generating call graph for function GameWorld::playerMove
Generating caller graph for function GameWorld::playerMove
Generating caller graph for function GameWorld::setCurrentLevel
Generating caller graph for function GameWorld::setState
Generating call graph for function GameWorld::spawnBonus
Generating caller graph for function GameWorld::spawnBonus
Generating caller graph for function GameWorld::triggerDamageFlash
Generating call graph for function GameWorld::update
Generating caller graph for function GameWorld::update
Generating call graph for function GameWorld::updateEnemyAI
Generating caller graph for function GameWorld::updateEnemyAI
Generating call graph for function GameWorld::updateEnemyMovement
Generating caller graph for function GameWorld::updateEnemyMovement
Generating docs for nested compound GameWorld::DifficultyParams...
Generating docs for compound InputHandler...
Generating call graph for function InputHandler::waitForCommand
Generating caller graph for function InputHandler::waitForCommand
Generating docs for compound MapInfo...
Generating docs for compound MapManager...
Generating call graph for function MapManager::MapManager
Generating caller graph for function MapManager::calculateAdjustedEnemyCount
Generating caller graph for function MapManager::calculateEnemyDifficulty
Generating caller graph for function MapManager::countEnemiesInLayout
Generating call graph for function MapManager::createDefaultMaps
Generating caller graph for function MapManager::createDefaultMaps
Generating call graph for function MapManager::createWorldFromMap
Generating caller graph for function MapManager::createWorldFromMap
Generating caller graph for function MapManager::getAIBehaviorForDifficulty
Generating caller graph for function MapManager::getMap
Generating caller graph for function MapManager::getMapCount
Generating caller graph for function MapManager::getRandomTankType
Generating call graph for function MapManager::isValidEnemyPosition
Generating caller graph for function MapManager::isValidEnemyPosition
Generating ca/home/vlad/Рабочий стол/Tanks/src/utils/MapManager.h:49: warning: found documented return type for MapManager::saveMapToFile that does not return anything
/home/vlad/Рабочий стол/Tanks/src/model/Obstacle.h:36: warning: found documented return type for Obstacle::Obstacle that does not return anything
/home/vlad/Рабочий стол/Tanks/src/model/Obstacle.h:105: warning: found documented return type for Obstacle::takeDamage that does not return anything
/home/vlad/Рабочий стол/Tanks/src/model/Obstacle.h:87: warning: found documented return type for Obstacle::update that does not return anything
/home/vlad/Рабочий стол/Tanks/src/utils/PlatformUtils.h:38: warning: found documented return type for PlatformUtils::clearScreen that does not return anything
/home/vlad/Рабочий стол/Tanks/src/utils/PlatformUtils.h:118: warning: found documented return type for PlatformUtils::resetBackgroundColor that does not return anything
/home/vlad/Рабочий стол/Tanks/src/utils/PlatformUtils.h:93: warning: found documented return type for PlatformUtils::resetColor that does not return anything
/home/vlad/Рабочий стол/Tanks/src/utils/PlatformUtils.h:111: warning: found documented return type for PlatformUtils::setBackgroundColor that does not return anything
/home/vlad/Рабочий стол/Tanks/src/utils/PlatformUtils.h:86: warning: found documented return type for PlatformUtils::setColor that does not return anything
/home/vlad/Рабочий стол/Tanks/src/utils/PlatformUtils.h:44: warning: found documented return type for PlatformUtils::setCursorPosition that does not return anything
/home/vlad/Рабочий стол/Tanks/src/utils/PlatformUtils.h:138: warning: found documented return type for PlatformUtils::showResizeMessage that does not return anything
/home/vlad/Рабочий стол/Tanks/src/utils/PlatformUtils.h:64: warning: found documented return type for PlatformUtils::sleep that does not return anything
/home/vlad/Рабочий стол/Tanks/src/model/PlayerTank.h:31: warning: found documented return type for PlayerTank::PlayerTank that does not return anything
/home/vlad/Рабочий стол/Tanks/src/model/PlayerTank.h:45: warning: found documented return type for PlayerTank::addScore that does not return anything
/home/vlad/Рабочий стол/Tanks/src/model/PlayerTank.h:52: warning: found documented return type for PlayerTank::loseLife that does not return anything
/home/vlad/Рабочий стол/Tanks/src/model/PlayerTank.h:38: warning: found documented return type for PlayerTank::reset that does not return anything
/home/vlad/Рабочий стол/Tanks/src/model/PlayerTank.h:83: warning: found documented return type for PlayerTank::setLives that does not return anything
/home/vlad/Рабочий стол/Tanks/src/model/PlayerTank.h:76: warning: found documented return type for PlayerTank::setScore that does not return anything
/home/vlad/Рабочий стол/Tanks/src/model/PlayerTank.h:90: warning: found documented return type for PlayerTank::update that does not return anything
/home/vlad/Рабочий стол/Tanks/src/model/GameObject.h:23: warning: found documented return type for Point::Point that does not return anything
/home/vlad/Рабочий стол/Tanks/src/model/Projectile.h:35: warning: found documented return type for Projectile::Projectile that does not return anything
/home/vlad/Рабочий стол/Tanks/src/model/Projectile.h:63: warning: found documented return type for Projectile::markProcessed that does not return anything
/home/vlad/Рабочий стол/Tanks/src/model/Projectile.h:69: warning: found documented return type for Projectile::setDamage that does not return anything
/home/vlad/Рабочий стол/Tanks/src/model/Projectile.h:76: warning: found documented return type for Projectile::update that does not return anything
/home/vlad/Рабочий стол/Tanks/src/utils/ScoreManager.h:34: warning: found documented return type for ScoreManager::ScoreManager that does not return anything
/home/vlad/Рабочий стол/Tanks/src/utils/ScoreManager.h:40: warning: found documented return type for ScoreManager::ScoreManager that does not return anything
/home/vlad/Рабочий стол/Tanks/src/utils/ScoreManager.h:47: warning: found documented return type for ScoreManager::addScore that does not return anything
/home/vlad/Рабочий стол/Tanks/src/utils/ScoreManager.h:72: warning: found documented return type for ScoreManager::clearScores that does not return anything
/home/vlad/Рабочий стол/Tanks/src/utils/ScoreManager.h:66: warning: found documented return type for ScoreManager::loadScores that does not return anything
/home/vlad/Рабочий стол/Tanks/src/utils/ScoreManager.h:60: warning: found documented return type for ScoreManager::saveScores that does not return anything
/home/vlad/Рабочий стол/Tanks/src/utils/SettingsManager.h:50: warning: found documented return type for SettingsManager::SettingsManager that does not return anything
/home/vlad/Рабочий стол/Tanks/src/utils/SettingsManager.h:31: warning: found documented return type for SettingsManager::loadSettings that does not return anything
ller graph for function MapManager::isValidMapIndex
Generating call graph for function MapManager::loadMaps
Generating caller graph for function MapManager::loadMaps
Generating caller graph for function MapManager::saveMapToFile
Generating docs for compound Obstacle...
Generating caller graph for function Obstacle::isDestructible
Generating caller graph for function Obstacle::isPassable
Generating caller graph for function Obstacle::isProjectilePassable
Generating call graph for function Obstacle::takeDamage
Generating caller graph for function Obstacle::takeDamage
Generating docs for compound PlatformUtils...
Generating caller graph for function PlatformUtils::checkUnicodeSupport
Generating caller graph for function PlatformUtils::clearScreen
Generating caller graph for function PlatformUtils::getTerminalSize
Generating call graph for function PlatformUtils::isTerminalSizeValid
Generating caller graph for function PlatformUtils::isTerminalSizeValid
Generating caller graph for function PlatformUtils::kbhit
Generating call graph for function PlatformUtils::readUTF8Char
Generating caller graph for function PlatformUtils::readUTF8Char
Generating call graph for function PlatformUtils::resetBackgroundColor
Generating call graph for function PlatformUtils::resetColor
Generating caller graph for function PlatformUtils::resetColor
Generating caller graph for function PlatformUtils::setColor
Generating caller graph for function PlatformUtils::setCursorPosition
Generating call graph for function PlatformUtils::showResizeMessage
Generating caller graph for function PlatformUtils::showResizeMessage
Generating caller graph for function PlatformUtils::sleep
Generating caller graph for function PlatformUtils::supportsUnicode
Generating docs for compound PlayerTank...
Generating call graph for function PlayerTank::PlayerTank
Generating caller graph for function PlayerTank::addScore
Generating call graph for function PlayerTank::fire
Generating caller graph for function PlayerTank::fire
Generating caller graph for function PlayerTank::getBounds
Generating caller graph for function PlayerTank::getLives
Generating caller graph for function PlayerTank::getScore
Generating caller graph for function PlayerTank::hasLives
Generating caller graph for function PlayerTank::loseLife
Generating call graph for function PlayerTank::reset
Generating caller graph for function PlayerTank::reset
Generating caller graph for function PlayerTank::setLives
Generating caller graph for function PlayerTank::setScore
Generating call graph for function PlayerTank::update
Generating docs for compound Point...
Generating docs for compound Projectile...
Generating caller graph for function Projectile::getOwner
Generating caller graph for function Projectile::setDamage
Generating call graph for function Projectile::update
Generating caller graph for function Projectile::update
Generating docs for compound ScoreManager...
Generating call graph for function ScoreManager::ScoreManager
Generating call graph for function ScoreManager::ScoreManager
Generating call graph for function ScoreManager::addScore
Generating caller graph for function ScoreManager::addScore
Generating call graph for function ScoreManager::clearScores
Generating caller graph for function ScoreManager::getHighScores
Generating caller graph for function ScoreManager::isHighScore
Generating caller graph for function ScoreManager::loadScores
Generating caller graph for function ScoreManager::saveScores
Generating docs for compound SettingsManager...
Generating call graph for function SettingsManager::SettingsManager
Generating call graph for function SettingsManager::~SettingsManager
Generating call graph for function SettingsManager::getBoolSetting
Generating caller graph for function SettingsManager::getBoolSetting
Generating call graph for function SettingsManager::getIntSetting
Generating caller graph for function SettingsManager::getSetting
Generating call graph for function SettingsManager::loadSettings
Generating caller graph for function SettingsManager::loadSettings
Generating caller graph for fu/home/vlad/Рабочий стол/Tanks/src/utils/SettingsManager.h:37: warning: found documented return type for SettingsManager::saveSettings that does not return anything
/home/vlad/Рабочий стол/Tanks/src/utils/SettingsManager.h:85: warning: found documented return type for SettingsManager::setBoolSetting that does not return anything
/home/vlad/Рабочий стол/Tanks/src/utils/SettingsManager.h:43: warning: found documented return type for SettingsManager::setDefaultSettings that does not return anything
/home/vlad/Рабочий стол/Tanks/src/utils/SettingsManager.h:101: warning: found documented return type for SettingsManager::setIntSetting that does not return anything
/home/vlad/Рабочий стол/Tanks/src/utils/SettingsManager.h:61: warning: found documented return type for SettingsManager::setSetting that does not return anything
/home/vlad/Рабочий стол/Tanks/src/model/Obstacle.h:118: warning: found documented return type for SteelWall::SteelWall that does not return anything
/home/vlad/Рабочий стол/Tanks/src/model/Obstacle.h:131: warning: found documented return type for SteelWall::takeDamage that does not return anything
/home/vlad/Рабочий стол/Tanks/src/model/Tank.h:44: warning: found documented return type for Tank::Tank that does not return anything
/home/vlad/Рабочий стол/Tanks/src/model/Tank.h:66: warning: found documented return type for Tank::applyBonus that does not return anything
/home/vlad/Рабочий стол/Tanks/src/model/Tank.h:123: warning: found documented return type for Tank::applySlowEffect that does not return anything
/home/vlad/Рабочий стол/Tanks/src/model/Tank.h:98: warning: found documented return type for Tank::move that does not return anything
/home/vlad/Рабочий стол/Tanks/src/model/Tank.h:79: warning: found documented return type for Tank::reload that does not return anything
/home/vlad/Рабочий стол/Tanks/src/model/Tank.h:149: warning: found documented return type for Tank::setFireRate that does not return anything
/home/vlad/Рабочий стол/Tanks/src/model/Tank.h:142: warning: found documented return type for Tank::setReloadTime that does not return anything
/home/vlad/Рабочий стол/Tanks/src/model/Tank.h:156: warning: found documented return type for Tank::setSpeed that does not return anything
/home/vlad/Рабочий стол/Tanks/src/model/Tank.h:91: warning: found documented return type for Tank::takeDamage that does not return anything
/home/vlad/Рабочий стол/Tanks/src/model/Tank.h:187: warning: found documented return type for Tank::update that does not return anything
/home/vlad/Рабочий стол/Tanks/src/model/Tank.h:73: warning: found documented return type for Tank::updateBonus that does not return anything
/home/vlad/Рабочий стол/Tanks/src/model/Obstacle.h:144: warning: found documented return type for Water::Water that does not return anything
nction SettingsManager::saveSettings
Generating caller graph for function SettingsManager::setBoolSetting
Generating call graph for function SettingsManager::setDefaultSettings
Generating caller graph for function SettingsManager::setDefaultSettings
Generating docs for compound SteelWall...
Generating call graph for function SteelWall::getSymbol
Generating call graph for function SteelWall::takeDamage
Generating docs for compound Tank...
Generating caller graph for function Tank::applyBonus
Generating caller graph for function Tank::applySlowEffect
Generating caller graph for function Tank::canFire
Generating call graph for function Tank::fire
Generating caller graph for function Tank::fire
Generating caller graph for function Tank::getActualSpeed
Generating caller graph for function Tank::getBonusDuration
Generating caller graph for function Tank::getBounds
Generating caller graph for function Tank::getDoubleFire
Generating caller graph for function Tank::getHasShield
Generating caller graph for function Tank::getSpeedBoostDuration
Generating call graph for function Tank::move
Generating caller graph for function Tank::reload
Generating call graph for function Tank::setReloadTime
Generating caller graph for function Tank::setReloadTime
Generating caller graph for function Tank::setSpeed
Generating call graph for function Tank::takeDamage
Generating caller graph for function Tank::takeDamage
Generating caller graph for function Tank::updateBonus
Generating docs for compound Water...
Generating concept documentation...
Generating module documentation...
Generating namespace documentation...
Generating graph info page...
Generating directory documentation...
Generating dependency graph for directory src/controller
Generating dependency graph for directory src/model
Generating dependency graph for directory src
Generating dependency graph for directory src/utils
Generating dependency graph for directory src/view
Generating index page...
Generating page index...
Generating topic index...
Generating module index...
Generating module member index...
Generating namespace index...
Generating namespace member index...
Generating concept index...
Generating annotated compound index...
Generating alphabetical compound index...
Generating hierarchical class index...
Generating graphical class hierarchy...
Generating member index...
Generating file index...
Generating file member index...
Generating example index...
finalizing index lists...
writing tag file...
Running plantuml with JAVA...
Running dot...
Generating dot graphs using 9 parallel threads...
Running dot for graph 1/367
Running dot for graph 2/367
Running dot for graph 3/367
Running dot for graph 4/367
Running dot for graph 5/367
Running dot for graph 6/367
Running dot for graph 7/367
Running dot for graph 8/367
Running dot for graph 9/367
Running dot for graph 10/367
Running dot for graph 11/367
Running dot for graph 12/367
Running dot for graph 13/367
Running dot for graph 14/367
Running dot for graph 15/367
Running dot for graph 16/367
Running dot for graph 17/367
Running dot for graph 18/367
Running dot for graph 19/367
Running dot for graph 20/367
Running dot for graph 21/367
Running dot for graph 22/367
Running dot for graph 23/367
Running dot for graph 24/367
Running dot for graph 25/367
Running dot for graph 26/367
Running dot for graph 27/367
Running dot for graph 28/367
Running dot for graph 29/367
Running dot for graph 30/367
Running dot for graph 31/367
Running dot for graph 32/367
Running dot for graph 33/367
Running dot for graph 34/367
Running dot for graph 35/367
Running dot for graph 36/367
Running dot for graph 37/367
Running dot for graph 38/367
Running dot for graph 39/367
Running dot for graph 40/367
Running dot for graph 41/367
Running dot for graph 42/367
Running dot for graph 43/367
Running dot for graph 44/367
Running dot for graph 45/367
Running dot for graph 46/367
Running dot for graph 47/367
Running dot for graph 48/367
Running dot for graph 49/367
Running dot for graph 50/367
Running dot for graph 51/367
Running dot for graph 52/367
Running dot for graph 53/367
Running dot for graph 54/367
Running dot for graph 55/367
Running dot for graph 56/367
Running dot for graph 57/367
Running dot for graph 58/367
Running dot for graph 59/367
Running dot for graph 60/367
Running dot for graph 61/367
Running dot for graph 62/367
Running dot for graph 63/367
Running dot for graph 64/367
Running dot for graph 65/367
Running dot for graph 66/367
Running dot for graph 67/367
Running dot for graph 68/367
Running dot for graph 69/367
Running dot for graph 70/367
Running dot for graph 71/367
Running dot for graph 72/367
Running dot for graph 73/367
Running dot for graph 74/367
Running dot for graph 75/367
Running dot for graph 76/367
Running dot for graph 77/367
Running dot for graph 78/367
Running dot for graph 79/367
Running dot for graph 80/367
Running dot for graph 81/367
Running dot for graph 82/367
Running dot for graph 83/367
Running dot for graph 84/367
Running dot for graph 85/367
Running dot for graph 86/367
Running dot for graph 87/367
Running dot for graph 88/367
Running dot for graph 89/367
Running dot for graph 90/367
Running dot for graph 91/367
Running dot for graph 92/367
Running dot for graph 93/367
Running dot for graph 94/367
Running dot for graph 95/367
Running dot for graph 96/367
Running dot for graph 97/367
Running dot for graph 98/367
Running dot for graph 99/367
Running dot for graph 100/367
Running dot for graph 101/367
Running dot for graph 102/367
Running dot for graph 103/367
Running dot for graph 104/367
Running dot for graph 105/367
Running dot for graph 106/367
Running dot for graph 107/367
Running dot for graph 108/367
Running dot for graph 109/367
Running dot for graph 110/367
Running dot for graph 111/367
Running dot for graph 112/367
Running dot for graph 113/367
Running dot for graph 114/367
Running dot for graph 115/367
Running dot for graph 116/367
Running dot for graph 117/367
Running dot for graph 118/367
Running dot for graph 119/367
Running dot for graph 120/367
Running dot for graph 121/367
Running dot for graph 122/367
Running dot for graph 123/367
Running dot for graph 124/367
Running dot for graph 125/367
Running dot for graph 126/367
Running dot for graph 127/367
Running dot for graph 128/367
Running dot for graph 129/367
Running dot for graph 130/367
Running dot for graph 131/367
Running dot for graph 132/367
Running dot for graph 133/367
Running dot for graph 134/367
Running dot for graph 135/367
Running dot for graph 136/367
Running dot for graph 137/367
Running dot for graph 138/367
Running dot for graph 139/367
Running dot for graph 140/367
Running dot for graph 141/367
Running dot for graph 142/367
Running dot for graph 143/367
Running dot for graph 144/367
Running dot for graph 145/367
Running dot for graph 146/367
Running dot for graph 147/367
Running dot for graph 148/367
Running dot for graph 149/367
Running dot for graph 150/367
Running dot for graph 151/367
Running dot for graph 152/367
Running dot for graph 153/367
Running dot for graph 154/367
Running dot for graph 155/367
Running dot for graph 156/367
Running dot for graph 157/367
Running dot for graph 158/367
Running dot for graph 159/367
Running dot for graph 160/367
Running dot for graph 161/367
Running dot for graph 162/367
Running dot for graph 163/367
Running dot for graph 164/367
Running dot for graph 165/367
Running dot for graph 166/367
Running dot for graph 167/367
Running dot for graph 168/367
Running dot for graph 169/367
Running dot for graph 170/367
Running dot for graph 171/367
Running dot for graph 172/367
Running dot for graph 173/367
Running dot for graph 174/367
Running dot for graph 175/367
Running dot for graph 176/367
Running dot for graph 177/367
Running dot for graph 178/367
Running dot for graph 179/367
Running dot for graph 180/367
Running dot for graph 181/367
Running dot for graph 182/367
Running dot for graph 183/367
Running dot for graph 184/367
Running dot for graph 185/367
Running dot for graph 186/367
Running dot for graph 187/367
Running dot for graph 188/367
Running dot for graph 189/367
Running dot for graph 190/367
Running dot for graph 191/367
Running dot for graph 192/367
Running dot for graph 193/367
Running dot for graph 194/367
Running dot for graph 195/367
Running dot for graph 196/367
Running dot for graph 197/367
Running dot for graph 198/367
Running dot for graph 199/367
Running dot for graph 200/367
Running dot for graph 201/367
Running dot for graph 202/367
Running dot for graph 203/367
Running dot for graph 204/367
Running dot for graph 205/367
Running dot for graph 206/367
Running dot for graph 207/367
Running dot for graph 208/367
Running dot for graph 209/367
Running dot for graph 210/367
Running dot for graph 211/367
Running dot for graph 212/367
Running dot for graph 213/367
Running dot for graph 214/367
Running dot for graph 215/367
Running dot for graph 216/367
Running dot for graph 217/367
Running dot for graph 218/367
Running dot for graph 219/367
Running dot for graph 220/367
Running dot for graph 221/367
Running dot for graph 222/367
Running dot for graph 223/367
Running dot for graph 224/367
Running dot for graph 225/367
Running dot for graph 226/367
Running dot for graph 227/367
Running dot for graph 228/367
Running dot for graph 229/367
Running dot for graph 230/367
Running dot for graph 231/367
Running dot for graph 232/367
Running dot for graph 233/367
Running dot for graph 234/367
Running dot for graph 235/367
Running dot for graph 236/367
Running dot for graph 237/367
Running dot for graph 238/367
Running dot for graph 239/367
Running dot for graph 240/367
Running dot for graph 241/367
Running dot for graph 242/367
Running dot for graph 243/367
Running dot for graph 244/367
Running dot for graph 245/367
Running dot for graph 246/367
Running dot for graph 247/367
Running dot for graph 248/367
Running dot for graph 249/367
Running dot for graph 250/367
Running dot for graph 251/367
Running dot for graph 252/367
Running dot for graph 253/367
Running dot for graph 254/367
Running dot for graph 255/367
Running dot for graph 256/367
Running dot for graph 257/367
Running dot for graph 258/367
Running dot for graph 259/367
Running dot for graph 260/367
Running dot for graph 261/367
Running dot for graph 262/367
Running dot for graph 263/367
Running dot for graph 264/367
Running dot for graph 265/367
Running dot for graph 266/367
Running dot for graph 267/367
Running dot for graph 268/367
Running dot for graph 269/367
Running dot for graph 270/367
Running dot for graph 271/367
Running dot for graph 272/367
Running dot for graph 273/367
Running dot for graph 274/367
Running dot for graph 275/367
Running dot for graph 276/367
Running dot for graph 277/367
Running dot for graph 278/367
Running dot for graph 279/367
Running dot for graph 280/367
Running dot for graph 281/367
Running dot for graph 282/367
Running dot for graph 283/367
Running dot for graph 284/367
Running dot for graph 285/367
Running dot for graph 286/367
Running dot for graph 287/367
Running dot for graph 288/367
Running dot for graph 289/367
Running dot for graph 290/367
Running dot for graph 291/367
Running dot for graph 292/367
Running dot for graph 293/367
Running dot for graph 294/367
Running dot for graph 295/367
Running dot for graph 296/367
Running dot for graph 297/367
Running dot for graph 298/367
Running dot for graph 299/367
Running dot for graph 300/367
Running dot for graph 301/367
Running dot for graph 302/367
Running dot for graph 303/367
Running dot for graph 304/367
Running dot for graph 305/367
Running dot for graph 306/367
Running dot for graph 307/367
Running dot for graph 308/367
Running dot for graph 309/367
Running dot for graph 310/367
Running dot for graph 311/367
Running dot for graph 312/367
Running dot for graph 313/367
Running dot for graph 314/367
Running dot for graph 315/367
Running dot for graph 316/367
Running dot for graph 317/367
Running dot for graph 318/367
Running dot for graph 319/367
Running dot for graph 320/367
Running dot for graph 321/367
Running dot for graph 322/367
Running dot for graph 323/367
Running dot for graph 324/367
Running dot for graph 325/367
Running dot for graph 326/367
Running dot for graph 327/367
Running dot for graph 328/367
Running dot for graph 329/367
Running dot for graph 330/367
Running dot for graph 331/367
Running dot for graph 332/367
Running dot for graph 333/367
Running dot for graph 334/367
Running dot for graph 335/367
Running dot for graph 336/367
Running dot for graph 337/367
Running dot for graph 338/367
Running dot for graph 339/367
Running dot for graph 340/367
Running dot for graph 341/367
Running dot for graph 342/367
Running dot for graph 343/367
Running dot for graph 344/367
Running dot for graph 345/367
Running dot for graph 346/367
Running dot for graph 347/367
Running dot for graph 348/367
Running dot for graph 349/367
Running dot for graph 350/367
Running dot for graph 351/367
Running dot for graph 352/367
Running dot for graph 353/367
Running dot for graph 354/367
Running dot for graph 355/367
Running dot for graph 356/367
Running dot for graph 357/367
Running dot for graph 358/367
Running dot for graph 359/367
Running dot for graph 360/367
Running dot for graph 361/367
Running dot for graph 362/367
Running dot for graph 363/367
Running dot for graph 364/367
Running dot for graph 365/367
Running dot for graph 366/367
Running dot for graph 367/367
Patching output file 1/425
Patching output file 2/425
Patching output file 3/425
Patching output file 4/425
Patching output file 5/425
Patching output file 6/425
Patching output file 7/425
Patching output file 8/425
Patching output file 9/425
Patching output file 10/425
Patching output file 11/425
Patching output file 12/425
Patching output file 13/425
Patching output file 14/425
Patching output file 15/425
Patching output file 16/425
Patching output file 17/425
Patching output file 18/425
Patching output file 19/425
Patching output file 20/425
Patching output file 21/425
Patching output file 22/425
Patching output file 23/425
Patching output file 24/425
Patching output file 25/425
Patching output file 26/425
Patching output file 27/425
Patching output file 28/425
Patching output file 29/425
Patching output file 30/425
Patching output file 31/425
Patching output file 32/425
Patching output file 33/425
Patching output file 34/425
Patching output file 35/425
Patching output file 36/425
Patching output file 37/425
Patching output file 38/425
Patching output file 39/425
Patching output file 40/425
Patching output file 41/425
Patching output file 42/425
Patching output file 43/425
Patching output file 44/425
Patching output file 45/425
Patching output file 46/425
Patching output file 47/425
Patching output file 48/425
Patching output file 49/425
Patching output file 50/425
Patching output file 51/425
Patching output file 52/425
Patching output file 53/425
Patching output file 54/425
Patching output file 55/425
Patching output file 56/425
Patching output file 57/425
Patching output file 58/425
Patching output file 59/425
Patching output file 60/425
Patching output file 61/425
Patching output file 62/425
Patching output file 63/425
Patching output file 64/425
Patching output file 65/425
Patching output file 66/425
Patching output file 67/425
Patching output file 68/425
Patching output file 69/425
Patching output file 70/425
Patching output file 71/425
Patching output file 72/425
Patching output file 73/425
Patching output file 74/425
Patching output file 75/425
Patching output file 76/425
Patching output file 77/425
Patching output file 78/425
Patching output file 79/425
Patching output file 80/425
Patching output file 81/425
Patching output file 82/425
Patching output file 83/425
Patching output file 84/425
Patching output file 85/425
Patching output file 86/425
Patching output file 87/425
Patching output file 88/425
Patching output file 89/425
Patching output file 90/425
Patching output file 91/425
Patching output file 92/425
Patching output file 93/425
Patching output file 94/425
Patching output file 95/425
Patching output file 96/425
Patching output file 97/425
Patching output file 98/425
Patching output file 99/425
Patching output file 100/425
Patching output file 101/425
Patching output file 102/425
Patching output file 103/425
Patching output file 104/425
Patching output file 105/425
Patching output file 106/425
Patching output file 107/425
Patching output file 108/425
Patching output file 109/425
Patching output file 110/425
Patching output file 111/425
Patching output file 112/425
Patching output file 113/425
Patching output file 114/425
Patching output file 115/425
Patching output file 116/425
Patching output file 117/425
Patching output file 118/425
Patching output file 119/425
Patching output file 120/425
Patching output file 121/425
Patching output file 122/425
Patching output file 123/425
Patching output file 124/425
Patching output file 125/425
Patching output file 126/425
Patching output file 127/425
Patching output file 128/425
Patching output file 129/425
Patching output file 130/425
Patching output file 131/425
Patching output file 132/425
Patching output file 133/425
Patching output file 134/425
Patching output file 135/425
Patching output file 136/425
Patching output file 137/425
Patching output file 138/425
Patching output file 139/425
Patching output file 140/425
Patching output file 141/425
Patching output file 142/425
Patching output file 143/425
Patching output file 144/425
Patching output file 145/425
Patching output file 146/425
Patching output file 147/425
Patching output file 148/425
Patching output file 149/425
Patching output file 150/425
Patching output file 151/425
Patching output file 152/425
Patching output file 153/425
Patching output file 154/425
Patching output file 155/425
Patching output file 156/425
Patching output file 157/425
Patching output file 158/425
Patching output file 159/425
Patching output file 160/425
Patching output file 161/425
Patching output file 162/425
Patching output file 163/425
Patching output file 164/425
Patching output file 165/425
Patching output file 166/425
Patching output file 167/425
Patching output file 168/425
Patching output file 169/425
Patching output file 170/425
Patching output file 171/425
Patching output file 172/425
Patching output file 173/425
Patching output file 174/425
Patching output file 175/425
Patching output file 176/425
Patching output file 177/425
Patching output file 178/425
Patching output file 179/425
Patching output file 180/425
Patching output file 181/425
Patching output file 182/425
Patching output file 183/425
Patching output file 184/425
Patching output file 185/425
Patching output file 186/425
Patching output file 187/425
Patching output file 188/425
Patching output file 189/425
Patching output file 190/425
Patching output file 191/425
Patching output file 192/425
Patching output file 193/425
Patching output file 194/425
Patching output file 195/425
Patching output file 196/425
Patching output file 197/425
Patching output file 198/425
Patching output file 199/425
Patching output file 200/425
Patching output file 201/425
Patching output file 202/425
Patching output file 203/425
Patching output file 204/425
Patching output file 205/425
Patching output file 206/425
Patching output file 207/425
Patching output file 208/425
Patching output file 209/425
Patching output file 210/425
Patching output file 211/425
Patching output file 212/425
Patching output file 213/425
Patching output file 214/425
Patching output file 215/425
Patching output file 216/425
Patching output file 217/425
Patching output file 218/425
Patching output file 219/425
Patching output file 220/425
Patching output file 221/425
Patching output file 222/425
Patching output file 223/425
Patching output file 224/425
Patching output file 225/425
Patching output file 226/425
Patching output file 227/425
Patching output file 228/425
Patching output file 229/425
Patching output file 230/425
Patching output file 231/425
Patching output file 232/425
Patching output file 233/425
Patching output file 234/425
Patching output file 235/425
Patching output file 236/425
Patching output file 237/425
Patching output file 238/425
Patching output file 239/425
Patching output file 240/425
Patching output file 241/425
Patching output file 242/425
Patching output file 243/425
Patching output file 244/425
Patching output file 245/425
Patching output file 246/425
Patching output file 247/425
Patching output file 248/425
Patching output file 249/425
Patching output file 250/425
Patching output file 251/425
Patching output file 252/425
Patching output file 253/425
Patching output file 254/425
Patching output file 255/425
Patching output file 256/425
Patching output file 257/425
Patching output file 258/425
Patching output file 259/425
Patching output file 260/425
Patching output file 261/425
Patching output file 262/425
Patching output file 263/425
Patching output file 264/425
Patching output file 265/425
Patching output file 266/425
Patching output file 267/425
Patching output file 268/425
Patching output file 269/425
Patching output file 270/425
Patching output file 271/425
Patching output file 272/425
Patching output file 273/425
Patching output file 274/425
Patching output file 275/425
Patching output file 276/425
Patching output file 277/425
Patching output file 278/425
Patching output file 279/425
Patching output file 280/425
Patching output file 281/425
Patching output file 282/425
Patching output file 283/425
Patching output file 284/425
Patching output file 285/425
Patching output file 286/425
Patching output file 287/425
Patching output file 288/425
Patching output file 289/425
Patching output file 290/425
Patching output file 291/425
Patching output file 292/425
Patching output file 293/425
Patching output file 294/425
Patching output file 295/425
Patching output file 296/425
Patching output file 297/425
Patching output file 298/425
Patching output file 299/425
Patching output file 300/425
Patching output file 301/425
Patching output file 302/425
Patching output file 303/425
Patching output file 304/425
Patching output file 305/425
Patching output file 306/425
Patching output file 307/425
Patching output file 308/425
Patching output file 309/425
Patching output file 310/425
Patching output file 311/425
Patching output file 312/425
Patching output file 313/425
Patching output file 314/425
Patching output file 315/425
Patching output file 316/425
Patching output file 317/425
Patching output file 318/425
Patching output file 319/425
Patching output file 320/425
Patching output file 321/425
Patching output file 322/425
Patching output file 323/425
Patching output file 324/425
Patching output file 325/425
Patching output file 326/425
Patching output file 327/425
Patching output file 328/425
Patching output file 329/425
Patching output file 330/425
Patching output file 331/425
Patching output file 332/425
Patching output file 333/425
Patching output file 334/425
Patching output file 335/425
Patching output file 336/425
Patching output file 337/425
Patching output file 338/425
Patching output file 339/425
Patching output file 340/425
Patching output file 341/425
Patching output file 342/425
Patching output file 343/425
Patching output file 344/425
Patching output file 345/425
Patching output file 346/425
Patching output file 347/425
Patching output file 348/425
Patching output file 349/425
Patching output file 350/425
Patching output file 351/425
Patching output file 352/425
Patching output file 353/425
Patching output file 354/425
Patching output file 355/425
Patching output file 356/425
Patching output file 357/425
Patching output file 358/425
Patching output file 359/425
Patching output file 360/425
Patching output file 361/425
Patching output file 362/425
Patching output file 363/425
Patching output file 364/425
Patching output file 365/425
Patching output file 366/425
Patching output file 367/425
Patching output file 368/425
Patching output file 369/425
Patching output file 370/425
Patching output file 371/425
Patching output file 372/425
Patching output file 373/425
Patching output file 374/425
Patching output file 375/425
Patching output file 376/425
Patching output file 377/425
Patching output file 378/425
Patching output file 379/425
Patching output file 380/425
Patching output file 381/425
Patching output file 382/425
Patching output file 383/425
Patching output file 384/425
Patching output file 385/425
Patching output file 386/425
Patching output file 387/425
Patching output file 388/425
Patching output file 389/425
Patching output file 390/425
Patching output file 391/425
Patching output file 392/425
Patching output file 393/425
Patching output file 394/425
Patching output file 395/425
Patching output file 396/425
Patching output file 397/425
Patching output file 398/425
Patching output file 399/425
Patching output file 400/425
Patching output file 401/425
Patching output file 402/425
Patching output file 403/425
Patching output file 404/425
Patching output file 405/425
Patching output file 406/425
Patching output file 407/425
Patching output file 408/425
Patching output file 409/425
Patching output file 410/425
Patching output file 411/425
Patching output file 412/425
Patching output file 413/425
Patching output file 414/425
Patching output file 415/425
Patching output file 416/425
Patching output file 417/425
Patching output file 418/425
Patching output file 419/425
Patching output file 420/425
Patching output file 421/425
Patching output file 422/425
Patching output file 423/425
Patching output file 424/425
Patching output file 425/425
type lookup cache used 909/65536 hits=6531 misses=937
symbol lookup cache used 1401/65536 hits=16536 misses=1401
finished...
